Listening for transport dt_socket at address: 8000
23:16:40,055 INFO  ~ Starting C:\projects\muni-mapper
23:16:40,649 WARN  ~ You're running Play! in DEV mode
23:16:40,736 INFO  ~ Listening for HTTP on port 9000 (Waiting a first request to start) ...
23:16:45,289 INFO  ~ Application 'muni-mapper' is now started !
23:16:46,604 ERROR ~ 

@6hhgkdbdi
Internal Server Error (500) for request GET /getLayers

Execution exception (In /app/utils/DatabaseConnection.java around line 12)
PSQLException occured : FATAL: password authentication failed for user "dunawayjenckes"

play.exceptions.JavaExecutionException: FATAL: password authentication failed for user "dunawayjenckes"
	at play.mvc.ActionInvoker.invoke(ActionInvoker.java:231)
	at Invocation.HTTP Request(Play!)
Caused by: org.postgresql.util.PSQLException: FATAL: password authentication failed for user "dunawayjenckes"
	at org.postgresql.core.v3.ConnectionFactoryImpl.doAuthentication(ConnectionFactoryImpl.java:291)
	at org.postgresql.core.v3.ConnectionFactoryImpl.openConnectionImpl(ConnectionFactoryImpl.java:108)
	at org.postgresql.core.ConnectionFactory.openConnection(ConnectionFactory.java:66)
	at org.postgresql.jdbc2.AbstractJdbc2Connection.<init>(AbstractJdbc2Connection.java:125)
	at org.postgresql.jdbc3.AbstractJdbc3Connection.<init>(AbstractJdbc3Connection.java:30)
	at org.postgresql.jdbc3.Jdbc3Connection.<init>(Jdbc3Connection.java:24)
	at org.postgresql.Driver.makeConnection(Driver.java:393)
	at org.postgresql.Driver.connect(Driver.java:267)
	at java.sql.DriverManager.getConnection(Unknown Source)
	at java.sql.DriverManager.getConnection(Unknown Source)
	at utils.DatabaseConnection.getConnection(DatabaseConnection.java:12)
	at geoserver.Layers.getJson(Layers.java:74)
	at geoserver.Layers.getLayers(Layers.java:46)
	at controllers.Application.getLayers(Application.java:19)
	at play.mvc.ActionInvoker.invokeWithContinuation(ActionInvoker.java:548)
	at play.mvc.ActionInvoker.invoke(ActionInvoker.java:502)
	at play.mvc.ActionInvoker.invokeControllerMethod(ActionInvoker.java:478)
	at play.mvc.ActionInvoker.invokeControllerMethod(ActionInvoker.java:473)
	at play.mvc.ActionInvoker.invoke(ActionInvoker.java:161)
	... 1 more
23:17:01,790 ERROR ~ 

@6hhgkdbdj
Internal Server Error (500) for request GET /getLayers

Execution exception (In /app/utils/DatabaseConnection.java around line 12)
PSQLException occured : FATAL: password authentication failed for user "dunawayjenckes"

play.exceptions.JavaExecutionException: FATAL: password authentication failed for user "dunawayjenckes"
	at play.mvc.ActionInvoker.invoke(ActionInvoker.java:231)
	at Invocation.HTTP Request(Play!)
Caused by: org.postgresql.util.PSQLException: FATAL: password authentication failed for user "dunawayjenckes"
	at org.postgresql.core.v3.ConnectionFactoryImpl.doAuthentication(ConnectionFactoryImpl.java:291)
	at org.postgresql.core.v3.ConnectionFactoryImpl.openConnectionImpl(ConnectionFactoryImpl.java:108)
	at org.postgresql.core.ConnectionFactory.openConnection(ConnectionFactory.java:66)
	at org.postgresql.jdbc2.AbstractJdbc2Connection.<init>(AbstractJdbc2Connection.java:125)
	at org.postgresql.jdbc3.AbstractJdbc3Connection.<init>(AbstractJdbc3Connection.java:30)
	at org.postgresql.jdbc3.Jdbc3Connection.<init>(Jdbc3Connection.java:24)
	at org.postgresql.Driver.makeConnection(Driver.java:393)
	at org.postgresql.Driver.connect(Driver.java:267)
	at java.sql.DriverManager.getConnection(Unknown Source)
	at java.sql.DriverManager.getConnection(Unknown Source)
	at utils.DatabaseConnection.getConnection(DatabaseConnection.java:12)
	at geoserver.Layers.getJson(Layers.java:74)
	at geoserver.Layers.getLayers(Layers.java:46)
	at controllers.Application.getLayers(Application.java:19)
	at play.mvc.ActionInvoker.invokeWithContinuation(ActionInvoker.java:548)
	at play.mvc.ActionInvoker.invoke(ActionInvoker.java:502)
	at play.mvc.ActionInvoker.invokeControllerMethod(ActionInvoker.java:478)
	at play.mvc.ActionInvoker.invokeControllerMethod(ActionInvoker.java:473)
	at play.mvc.ActionInvoker.invoke(ActionInvoker.java:161)
	... 1 more
